#
# A fatal error has been detected by the Java Runtime Environment:
#
#  EXCEPTION_ACCESS_VIOLATION (0xc0000005) at pc=0x000000006e49c326, pid=22760, tid=0x0000000000005dd0
#
# JRE version: Java(TM) SE Runtime Environment (8.0_201-b09) (build 1.8.0_201-b09)
# Java VM: Java HotSpot(TM) 64-Bit Server VM (25.201-b09 mixed mode windows-amd64 compressed oops)
# Problematic frame:
# V  [jvm.dll+0x13c326]
#
# Failed to write core dump. Minidumps are not enabled by default on client versions of Windows
#
# If you would like to submit a bug report, please visit:
#   http://bugreport.java.com/bugreport/crash.jsp
#

---------------  T H R E A D  ---------------

Current thread (0x000000000334b800):  JavaThread "main" [_thread_in_vm, id=24016, stack(0x0000000003240000,0x0000000003340000)]

siginfo: ExceptionCode=0xc0000005, reading address 0xffffffffffffffff

Registers:
RAX=0x000000001ca9e598, RBX=0x000000000333f170, RCX=0x0013000900000006, RDX=0x000000000333f170
RSP=0x000000000333f0f0, RBP=0x0000000003342a78, RSI=0x001300090000000e, RDI=0x0000000003342690
R8 =0x00000006c121a6f8, R9 =0x0000000000000004, R10=0x0000000000000000, R11=0x000000000333f0f0
R12=0x000000000334b800, R13=0x00000000000003d8, R14=0x00000007c0061c90, R15=0x0000000000000000
RIP=0x000000006e49c326, EFLAGS=0x0000000000010206

Top of Stack: (sp=0x000000000333f0f0)
0x000000000333f0f0:   00000007c0061c90 00000000000003d8
0x000000000333f100:   000000000334b800 0000000003342690
0x000000000333f110:   0000000003342690 000000006e3d8126
0x000000000333f120:   00000000031dce90 00000000033426b0
0x000000000333f130:   0000000003342a78 000000006e46fa4c
0x000000000333f140:   00000007c0061c90 000000001ca9ece0
0x000000000333f150:   00000000031dce90 000000000334b800
0x000000000333f160:   0000000000000000 000000006e3d19f1
0x000000000333f170:   000000000334bc68 000000000334bc68
0x000000000333f180:   0000000003342690 000000000334b800
0x000000000333f190:   00000000000003d8 00000000033426a0
0x000000000333f1a0:   0000000003342a78 0000000000000000
0x000000000333f1b0:   000000000334b800 0000000000000000
0x000000000333f1c0:   0000000000000010 0000000000000004
0x000000000333f1d0:   000000000000001a 000000000333f360
0x000000000333f1e0:   0000000000000002 000000006e3d2082 

Instructions: (pc=0x000000006e49c326)
0x000000006e49c306:   c7 48 83 c4 20 5f c3 cc cc cc 48 89 5c 24 08 48
0x000000006e49c316:   89 74 24 10 57 48 83 ec 20 48 8d 71 08 48 8b da
0x000000006e49c326:   0f b7 11 48 8b ce e8 9f 2d 14 00 33 d2 48 63 c8
0x000000006e49c336:   89 03 48 03 c9 e8 90 19 fb ff 44 8b 03 48 8b f8 


Register to memory mapping:

RAX=0x000000001ca9e598 is pointing into metadata
RBX=0x000000000333f170 is pointing into the stack for thread: 0x000000000334b800
RCX=0x0013000900000006 is an unknown value
RDX=0x000000000333f170 is pointing into the stack for thread: 0x000000000334b800
RSP=0x000000000333f0f0 is pointing into the stack for thread: 0x000000000334b800
RBP=0x0000000003342a78 is an unknown value
RSI=0x001300090000000e is an unknown value
RDI=0x0000000003342690 is an unknown value
R8 =0x00000006c121a6f8 is an oop
[C 
 - klass: {type array char}
 - length: 4
R9 =0x0000000000000004 is an unknown value
R10=0x0000000000000000 is an unknown value
R11=0x000000000333f0f0 is pointing into the stack for thread: 0x000000000334b800
R12=0x000000000334b800 is a thread
R13=0x00000000000003d8 is an unknown value
R14=0x00000007c0061c90 is pointing into metadata
R15=0x0000000000000000 is an unknown value


Stack: [0x0000000003240000,0x0000000003340000],  sp=0x000000000333f0f0,  free space=1020k
Native frames: (J=compiled Java code, j=interpreted, Vv=VM code, C=native code)
V  [jvm.dll+0x13c326]
V  [jvm.dll+0x78126]
V  [jvm.dll+0x719f1]
V  [jvm.dll+0x72082]
V  [jvm.dll+0x17d759]
C  0x00000000035e1df0

Java frames: (J=compiled Java code, j=interpreted, Vv=VM code)
j  java.lang.Throwable.getStackTraceElement(I)Ljava/lang/StackTraceElement;+0
j  java.lang.Throwable.getOurStackTrace()[Ljava/lang/StackTraceElement;+51
j  java.lang.Throwable.getStackTrace()[Ljava/lang/StackTraceElement;+1
j  java.lang.Thread.getStackTrace()[Ljava/lang/StackTraceElement;+66
j  org.apache.spark.util.Utils$.getCallSite(Lscala/Function1;)Lorg/apache/spark/util/CallSite;+60
j  org.apache.spark.sql.SparkSession.<init>(Lorg/apache/spark/SparkContext;Lscala/Option;Lscala/Option;Lorg/apache/spark/sql/SparkSessionExtensions;)V+39
j  org.apache.spark.sql.SparkSession$Builder.getOrCreate()Lorg/apache/spark/sql/SparkSession;+266
j  MeetupRSVP$.main([Ljava/lang/String;)V+16
j  MeetupRSVP.main([Ljava/lang/String;)V+4
v  ~StubRoutines::call_stub

---------------  P R O C E S S  ---------------

Java Threads: ( => current thread )
  0x0000000022637800 JavaThread "element-tracking-store-worker" daemon [_thread_blocked, id=14300, stack(0x0000000027230000,0x0000000027330000)]
  0x000000002263e800 JavaThread "spark-listener-group-executorManagement" daemon [_thread_blocked, id=15600, stack(0x0000000027130000,0x0000000027230000)]
  0x0000000022637000 JavaThread "spark-listener-group-appStatus" daemon [_thread_blocked, id=17304, stack(0x0000000027030000,0x0000000027130000)]
  0x000000002263d800 JavaThread "context-cleaner-periodic-gc" daemon [_thread_blocked, id=11188, stack(0x0000000026f30000,0x0000000027030000)]
  0x0000000022636000 JavaThread "Spark Context Cleaner" daemon [_thread_blocked, id=404, stack(0x0000000026e30000,0x0000000026f30000)]
  0x000000002263d000 JavaThread "shuffle-server-5-1" daemon [_thread_in_native, id=12924, stack(0x0000000026870000,0x0000000026970000)]
  0x000000002263c000 JavaThread "driver-heartbeater" daemon [_thread_blocked, id=1196, stack(0x0000000026770000,0x0000000026870000)]
  0x000000002263a800 JavaThread "dag-scheduler-event-loop" daemon [_thread_blocked, id=15244, stack(0x0000000026670000,0x0000000026770000)]
  0x000000002263b800 JavaThread "netty-rpc-env-timeout" daemon [_thread_blocked, id=1192, stack(0x0000000026570000,0x0000000026670000)]
  0x000000002263a000 JavaThread "Timer-0" daemon [_thread_blocked, id=22696, stack(0x0000000026470000,0x0000000026570000)]
  0x0000000022638800 JavaThread "heartbeat-receiver-event-loop-thread" daemon [_thread_blocked, id=7608, stack(0x0000000026370000,0x0000000026470000)]
  0x0000000022639000 JavaThread "SparkUI-36" daemon [_thread_blocked, id=20000, stack(0x0000000026070000,0x0000000026170000)]
  0x00000000225d3000 JavaThread "SparkUI-35" daemon [_thread_blocked, id=20804, stack(0x0000000025f70000,0x0000000026070000)]
  0x00000000225d0000 JavaThread "SparkUI-34" daemon [_thread_in_native, id=13008, stack(0x0000000025e70000,0x0000000025f70000)]
  0x00000000225d2800 JavaThread "SparkUI-33-acceptor-0@1965a51d-ServerConnector@17a25841{HTTP/1.1,[http/1.1]}{0.0.0.0:4040}" daemon [_thread_in_native, id=17072, stack(0x0000000025d70000,0x0000000025e70000)]
  0x00000000225d4800 JavaThread "SparkUI-32" daemon [_thread_blocked, id=20540, stack(0x0000000025c70000,0x0000000025d70000)]
  0x00000000225d1800 JavaThread "SparkUI-31" daemon [_thread_in_native, id=9012, stack(0x0000000025b70000,0x0000000025c70000)]
  0x00000000225d1000 JavaThread "SparkUI-30" daemon [_thread_in_native, id=17256, stack(0x0000000025a70000,0x0000000025b70000)]
  0x00000000225cf000 JavaThread "SparkUI-29" daemon [_thread_in_native, id=3884, stack(0x0000000025970000,0x0000000025a70000)]
  0x00000000225d6000 JavaThread "RemoteBlock-temp-file-clean-thread" daemon [_thread_blocked, id=13188, stack(0x0000000025670000,0x0000000025770000)]
  0x00000000225d4000 JavaThread "map-output-dispatcher-7" daemon [_thread_blocked, id=9764, stack(0x0000000025470000,0x0000000025570000)]
  0x00000000225d5800 JavaThread "map-output-dispatcher-6" daemon [_thread_blocked, id=23680, stack(0x0000000025370000,0x0000000025470000)]
  0x00000000221a7800 JavaThread "map-output-dispatcher-5" daemon [_thread_blocked, id=11204, stack(0x0000000025270000,0x0000000025370000)]
  0x00000000221a6800 JavaThread "map-output-dispatcher-4" daemon [_thread_blocked, id=20576, stack(0x0000000025170000,0x0000000025270000)]
  0x0000000022818000 JavaThread "map-output-dispatcher-3" daemon [_thread_blocked, id=10956, stack(0x0000000025070000,0x0000000025170000)]
  0x0000000022817000 JavaThread "map-output-dispatcher-2" daemon [_thread_blocked, id=21852, stack(0x0000000024f70000,0x0000000025070000)]
  0x0000000022816800 JavaThread "map-output-dispatcher-1" daemon [_thread_blocked, id=5132, stack(0x0000000024e70000,0x0000000024f70000)]
  0x0000000022816000 JavaThread "map-output-dispatcher-0" daemon [_thread_blocked, id=19192, stack(0x0000000024d70000,0x0000000024e70000)]
  0x000000001f183800 JavaThread "rpc-server-3-1" daemon [_thread_in_native, id=22896, stack(0x0000000024c70000,0x0000000024d70000)]
  0x000000002281e000 JavaThread "dispatcher-event-loop-1" daemon [_thread_blocked, id=24320, stack(0x0000000024770000,0x0000000024870000)]
  0x0000000022201000 JavaThread "dispatcher-event-loop-0" daemon [_thread_blocked, id=15604, stack(0x0000000024670000,0x0000000024770000)]
  0x000000001ff5a000 JavaThread "Service Thread" daemon [_thread_blocked, id=22664, stack(0x0000000020680000,0x0000000020780000)]
  0x000000001fec9800 JavaThread "C1 CompilerThread3" daemon [_thread_blocked, id=6928, stack(0x0000000020580000,0x0000000020680000)]
  0x000000001fec6800 JavaThread "C2 CompilerThread2" daemon [_thread_blocked, id=5528, stack(0x0000000020480000,0x0000000020580000)]
  0x000000001fec6000 JavaThread "C2 CompilerThread1" daemon [_thread_in_native, id=18516, stack(0x0000000020380000,0x0000000020480000)]
  0x000000001fed0800 JavaThread "C2 CompilerThread0" daemon [_thread_blocked, id=10764, stack(0x0000000020280000,0x0000000020380000)]
  0x000000001eeda000 JavaThread "JDWP Command Reader" daemon [_thread_in_native, id=19404, stack(0x000000001f980000,0x000000001fa80000)]
  0x000000001eed5000 JavaThread "JDWP Event Helper Thread" daemon [_thread_blocked, id=1504, stack(0x000000001f880000,0x000000001f980000)]
  0x000000001eeca000 JavaThread "JDWP Transport Listener: dt_socket" daemon [_thread_blocked, id=7972, stack(0x000000001f780000,0x000000001f880000)]
  0x000000001eebe000 JavaThread "Attach Listener" daemon [_thread_blocked, id=16924, stack(0x000000001f680000,0x000000001f780000)]
  0x000000001eebd000 JavaThread "Signal Dispatcher" daemon [_thread_blocked, id=20132, stack(0x000000001f580000,0x000000001f680000)]
  0x000000001eea1000 JavaThread "Finalizer" daemon [_thread_blocked, id=22032, stack(0x000000001f380000,0x000000001f480000)]
  0x000000001eea0800 JavaThread "Reference Handler" daemon [_thread_blocked, id=11312, stack(0x000000001f280000,0x000000001f380000)]
=>0x000000000334b800 JavaThread "main" [_thread_in_vm, id=24016, stack(0x0000000003240000,0x0000000003340000)]

Other Threads:
  0x000000001d077800 VMThread [stack: 0x000000001ed80000,0x000000001ee80000] [id=1204]
  0x000000001fef2000 WatcherThread [stack: 0x0000000020780000,0x0000000020880000] [id=23240]

VM state:not at safepoint (normal execution)

VM Mutex/Monitor currently owned by a thread: None

heap address: 0x00000006c1200000, size: 4078 MB, Compressed Oops mode: Zero based, Oop shift amount: 3
Narrow klass base: 0x0000000000000000, Narrow klass shift: 3
Compressed class space size: 1073741824 Address: 0x00000007c0000000

Heap:
 PSYoungGen      total 103424K, used 5742K [0x000000076b100000, 0x0000000772500000, 0x00000007c0000000)
  eden space 92672K, 6% used [0x000000076b100000,0x000000076b69bbe0,0x0000000770b80000)
  from space 10752K, 0% used [0x0000000771600000,0x0000000771600000,0x0000000772080000)
  to   space 10752K, 0% used [0x0000000770b80000,0x0000000770b80000,0x0000000771600000)
 ParOldGen       total 179200K, used 10605K [0x00000006c1200000, 0x00000006cc100000, 0x000000076b100000)
  object space 179200K, 5% used [0x00000006c1200000,0x00000006c1c5b790,0x00000006cc100000)
 Metaspace       used 34304K, capacity 36051K, committed 36224K, reserved 1081344K
  class space    used 4747K, capacity 4949K, committed 4992K, reserved 1048576K

Card table byte_map: [0x0000000012980000,0x0000000013180000] byte_map_base: 0x000000000f377000

Marking Bits: (ParMarkBitMap*) 0x000000006eb84ce0
 Begin Bits: [0x0000000013ed0000, 0x0000000017e88000)
 End Bits:   [0x0000000017e88000, 0x000000001be40000)

Polling page: 0x00000000014a0000

CodeCache: size=245760Kb used=7619Kb max_used=7619Kb free=238140Kb
 bounds [0x00000000035c0000, 0x0000000003d40000, 0x00000000125c0000]
 total_blobs=2765 nmethods=2242 adapters=443
 compilation: enabled

Compilation events (10 events):
Event: 6.486 Thread 0x000000001fec9800 2266       3       scala.collection.immutable.StringOps$::toString$extension (2 bytes)
Event: 6.486 Thread 0x000000001fec9800 nmethod 2266 0x0000000003d31050 code [0x0000000003d311a0, 0x0000000003d312f0]
Event: 6.486 Thread 0x000000001fec9800 2267       3       java.lang.reflect.Constructor::acquireConstructorAccessor (44 bytes)
Event: 6.487 Thread 0x000000001fec9800 nmethod 2267 0x0000000003d31390 code [0x0000000003d31520, 0x0000000003d31b98]
Event: 6.487 Thread 0x000000001fec9800 2268       3       org.apache.spark.internal.config.TypedConfigBuilder::<init> (14 bytes)
Event: 6.487 Thread 0x000000001fec9800 nmethod 2268 0x0000000003d31d90 code [0x0000000003d31f20, 0x0000000003d322f0]
Event: 6.487 Thread 0x000000001fec9800 2269       3       org.apache.spark.internal.config.TypedConfigBuilder$$anonfun$$lessinit$greater$1::<init> (5 bytes)
Event: 6.487 Thread 0x000000001fec9800 nmethod 2269 0x0000000003d32510 code [0x0000000003d32680, 0x0000000003d32890]
Event: 6.488 Thread 0x000000001fec9800 2270       3       org.apache.spark.internal.config.TypedConfigBuilder::createWithDefault (101 bytes)
Event: 6.489 Thread 0x000000001fec9800 nmethod 2270 0x0000000003d32950 code [0x0000000003d32c00, 0x0000000003d33ee8]

GC Heap History (10 events):
Event: 3.490 GC heap before
{Heap before GC invocations=2 (full 0):
 PSYoungGen      total 76288K, used 66417K [0x000000076b100000, 0x0000000770600000, 0x00000007c0000000)
  eden space 65536K, 86% used [0x000000076b100000,0x000000076e85ce00,0x000000076f100000)
  from space 10752K, 90% used [0x000000076f100000,0x000000076fa7f990,0x000000076fb80000)
  to   space 10752K, 0% used [0x000000076fb80000,0x000000076fb80000,0x0000000770600000)
 ParOldGen       total 175104K, used 16K [0x00000006c1200000, 0x00000006cbd00000, 0x000000076b100000)
  object space 175104K, 0% used [0x00000006c1200000,0x00000006c1204000,0x00000006cbd00000)
 Metaspace       used 20354K, capacity 21154K, committed 21248K, reserved 1067008K
  class space    used 2862K, capacity 2994K, committed 3072K, reserved 1048576K
Event: 3.499 GC heap after
Heap after GC invocations=2 (full 0):
 PSYoungGen      total 76288K, used 7580K [0x000000076b100000, 0x0000000770600000, 0x00000007c0000000)
  eden space 65536K, 0% used [0x000000076b100000,0x000000076b100000,0x000000076f100000)
  from space 10752K, 70% used [0x000000076fb80000,0x00000007702e7268,0x0000000770600000)
  to   space 10752K, 0% used [0x000000076f100000,0x000000076f100000,0x000000076fb80000)
 ParOldGen       total 175104K, used 96K [0x00000006c1200000, 0x00000006cbd00000, 0x000000076b100000)
  object space 175104K, 0% used [0x00000006c1200000,0x00000006c1218028,0x00000006cbd00000)
 Metaspace       used 20354K, capacity 21154K, committed 21248K, reserved 1067008K
  class space    used 2862K, capacity 2994K, committed 3072K, reserved 1048576K
}
Event: 3.499 GC heap before
{Heap before GC invocations=3 (full 1):
 PSYoungGen      total 76288K, used 7580K [0x000000076b100000, 0x0000000770600000, 0x00000007c0000000)
  eden space 65536K, 0% used [0x000000076b100000,0x000000076b100000,0x000000076f100000)
  from space 10752K, 70% used [0x000000076fb80000,0x00000007702e7268,0x0000000770600000)
  to   space 10752K, 0% used [0x000000076f100000,0x000000076f100000,0x000000076fb80000)
 ParOldGen       total 175104K, used 96K [0x00000006c1200000, 0x00000006cbd00000, 0x000000076b100000)
  object space 175104K, 0% used [0x00000006c1200000,0x00000006c1218028,0x00000006cbd00000)
 Metaspace       used 20354K, capacity 21154K, committed 21248K, reserved 1067008K
  class space    used 2862K, capacity 2994K, committed 3072K, reserved 1048576K
Event: 3.526 GC heap after
Heap after GC invocations=3 (full 1):
 PSYoungGen      total 76288K, used 0K [0x000000076b100000, 0x0000000770600000, 0x00000007c0000000)
  eden space 65536K, 0% used [0x000000076b100000,0x000000076b100000,0x000000076f100000)
  from space 10752K, 0% used [0x000000076fb80000,0x000000076fb80000,0x0000000770600000)
  to   space 10752K, 0% used [0x000000076f100000,0x000000076f100000,0x000000076fb80000)
 ParOldGen       total 109056K, used 7362K [0x00000006c1200000, 0x00000006c7c80000, 0x000000076b100000)
  object space 109056K, 6% used [0x00000006c1200000,0x00000006c1930928,0x00000006c7c80000)
 Metaspace       used 20354K, capacity 21154K, committed 21248K, reserved 1067008K
  class space    used 2862K, capacity 2994K, committed 3072K, reserved 1048576K
}
Event: 5.612 GC heap before
{Heap before GC invocations=4 (full 1):
 PSYoungGen      total 76288K, used 65536K [0x000000076b100000, 0x0000000770600000, 0x00000007c0000000)
  eden space 65536K, 100% used [0x000000076b100000,0x000000076f100000,0x000000076f100000)
  from space 10752K, 0% used [0x000000076fb80000,0x000000076fb80000,0x0000000770600000)
  to   space 10752K, 0% used [0x000000076f100000,0x000000076f100000,0x000000076fb80000)
 ParOldGen       total 109056K, used 7362K [0x00000006c1200000, 0x00000006c7c80000, 0x000000076b100000)
  object space 109056K, 6% used [0x00000006c1200000,0x00000006c1930928,0x00000006c7c80000)
 Metaspace       used 28139K, capacity 29436K, committed 29568K, reserved 1075200K
  class space    used 3936K, capacity 4098K, committed 4224K, reserved 1048576K
Event: 5.619 GC heap after
Heap after GC invocations=4 (full 1):
 PSYoungGen      total 76288K, used 7194K [0x000000076b100000, 0x0000000772080000, 0x00000007c0000000)
  eden space 65536K, 0% used [0x000000076b100000,0x000000076b100000,0x000000076f100000)
  from space 10752K, 66% used [0x000000076f100000,0x000000076f806920,0x000000076fb80000)
  to   space 10752K, 0% used [0x0000000771600000,0x0000000771600000,0x0000000772080000)
 ParOldGen       total 109056K, used 7370K [0x00000006c1200000, 0x00000006c7c80000, 0x000000076b100000)
  object space 109056K, 6% used [0x00000006c1200000,0x00000006c1932928,0x00000006c7c80000)
 Metaspace       used 28139K, capacity 29436K, committed 29568K, reserved 1075200K
  class space    used 3936K, capacity 4098K, committed 4224K, reserved 1048576K
}
Event: 6.364 GC heap before
{Heap before GC invocations=5 (full 1):
 PSYoungGen      total 76288K, used 64054K [0x000000076b100000, 0x0000000772080000, 0x00000007c0000000)
  eden space 65536K, 86% used [0x000000076b100000,0x000000076e886ff0,0x000000076f100000)
  from space 10752K, 66% used [0x000000076f100000,0x000000076f806920,0x000000076fb80000)
  to   space 10752K, 0% used [0x0000000771600000,0x0000000771600000,0x0000000772080000)
 ParOldGen       total 109056K, used 7370K [0x00000006c1200000, 0x00000006c7c80000, 0x000000076b100000)
  object space 109056K, 6% used [0x00000006c1200000,0x00000006c1932928,0x00000006c7c80000)
 Metaspace       used 33745K, capacity 35375K, committed 35416K, reserved 1079296K
  class space    used 4657K, capacity 4823K, committed 4864K, reserved 1048576K
Event: 6.374 GC heap after
Heap after GC invocations=5 (full 1):
 PSYoungGen      total 103424K, used 7050K [0x000000076b100000, 0x0000000772500000, 0x00000007c0000000)
  eden space 92672K, 0% used [0x000000076b100000,0x000000076b100000,0x0000000770b80000)
  from space 10752K, 65% used [0x0000000771600000,0x0000000771ce2bd0,0x0000000772080000)
  to   space 10752K, 0% used [0x0000000770b80000,0x0000000770b80000,0x0000000771600000)
 ParOldGen       total 109056K, used 7378K [0x00000006c1200000, 0x00000006c7c80000, 0x000000076b100000)
  object space 109056K, 6% used [0x00000006c1200000,0x00000006c1934928,0x00000006c7c80000)
 Metaspace       used 33745K, capacity 35375K, committed 35416K, reserved 1079296K
  class space    used 4657K, capacity 4823K, committed 4864K, reserved 1048576K
}
Event: 6.374 GC heap before
{Heap before GC invocations=6 (full 2):
 PSYoungGen      total 103424K, used 7050K [0x000000076b100000, 0x0000000772500000, 0x00000007c0000000)
  eden space 92672K, 0% used [0x000000076b100000,0x000000076b100000,0x0000000770b80000)
  from space 10752K, 65% used [0x0000000771600000,0x0000000771ce2bd0,0x0000000772080000)
  to   space 10752K, 0% used [0x0000000770b80000,0x0000000770b80000,0x0000000771600000)
 ParOldGen       total 109056K, used 7378K [0x00000006c1200000, 0x00000006c7c80000, 0x000000076b100000)
  object space 109056K, 6% used [0x00000006c1200000,0x00000006c1934928,0x00000006c7c80000)
 Metaspace       used 33745K, capacity 35375K, committed 35416K, reserved 1079296K
  class space    used 4657K, capacity 4823K, committed 4864K, reserved 1048576K
Event: 6.432 GC heap after
Heap after GC invocations=6 (full 2):
 PSYoungGen      total 103424K, used 0K [0x000000076b100000, 0x0000000772500000, 0x00000007c0000000)
  eden space 92672K, 0% used [0x000000076b100000,0x000000076b100000,0x0000000770b80000)
  from space 10752K, 0% used [0x0000000771600000,0x0000000771600000,0x0000000772080000)
  to   space 10752K, 0% used [0x0000000770b80000,0x0000000770b80000,0x0000000771600000)
 ParOldGen       total 179200K, used 10605K [0x00000006c1200000, 0x00000006cc100000, 0x000000076b100000)
  object space 179200K, 5% used [0x00000006c1200000,0x00000006c1c5b790,0x00000006cc100000)
 Metaspace       used 33745K, capacity 35375K, committed 35416K, reserved 1079296K
  class space    used 4657K, capacity 4823K, committed 4864K, reserved 1048576K
}

Deoptimization events (10 events):
Event: 2.337 Thread 0x000000000334b800 Uncommon trap: reason=unstable_if action=reinterpret pc=0x000000000378fc1c method=java.util.HashMap.getNode(ILjava/lang/Object;)Ljava/util/HashMap$Node; @ 62
Event: 2.637 Thread 0x000000000334b800 Uncommon trap: reason=null_check action=make_not_entrant pc=0x00000000036ff6f8 method=java.lang.String.equals(Ljava/lang/Object;)Z @ 8
Event: 2.712 Thread 0x000000000334b800 Uncommon trap: reason=unstable_if action=reinterpret pc=0x00000000039ad9ec method=org.apache.xerces.impl.XMLEntityScanner.scanContent(Lorg/apache/xerces/xni/XMLString;)I @ 43
Event: 2.744 Thread 0x000000000334b800 Uncommon trap: reason=unstable_if action=reinterpret pc=0x000000000374f5f8 method=java.io.WinNTFileSystem.normalize(Ljava/lang/String;)Ljava/lang/String; @ 128
Event: 2.924 Thread 0x000000000334b800 Uncommon trap: reason=unstable_if action=reinterpret pc=0x000000000390608c method=jdk.internal.org.objectweb.asm.Type.getArgumentsAndReturnSizes(Ljava/lang/String;)I @ 41
Event: 3.106 Thread 0x000000000334b800 Uncommon trap: reason=unstable_if action=reinterpret pc=0x0000000003a310e8 method=org.apache.xerces.impl.XMLEntityScanner.scanContent(Lorg/apache/xerces/xni/XMLString;)I @ 461
Event: 4.292 Thread 0x000000000334b800 Uncommon trap: reason=unstable_if action=reinterpret pc=0x0000000003b56a68 method=java.io.WinNTFileSystem.isLetter(C)Z @ 3
Event: 4.839 Thread 0x000000000334b800 Uncommon trap: reason=unstable_if action=reinterpret pc=0x0000000003a7beb8 method=java.util.concurrent.ConcurrentHashMap.putVal(Ljava/lang/Object;Ljava/lang/Object;Z)Ljava/lang/Object; @ 206
Event: 5.498 Thread 0x000000000334b800 Uncommon trap: reason=unstable_if action=reinterpret pc=0x0000000003b3ebf4 method=sun.net.www.protocol.jar.Handler.parseURL(Ljava/net/URL;Ljava/lang/String;II)V @ 94
Event: 5.515 Thread 0x000000000334b800 Uncommon trap: reason=unstable_if action=reinterpret pc=0x0000000003b27aac method=com.google.common.collect.MapMakerInternalMap$Segment.getEntry(Ljava/lang/Object;I)Lcom/google/common/collect/MapMakerInternalMap$ReferenceEntry; @ 40

Classes redefined (2 events):
Event: 6.137 Thread 0x000000001d077800 redefined class name=MeetupRSVP$, count=1
Event: 6.146 Thread 0x000000001d077800 redefined class name=MeetupRSVP, count=1

Internal exceptions (10 events):
Event: 5.817 Thread 0x000000000334b800 Exception <a 'java/lang/NoSuchMethodError': java.lang.Object.$anonfun$flatMap$1(Lscala/concurrent/Future;Lscala/Function1;Lscala/util/Try;)Lscala/concurrent/Future;> (0x000000076b894310) thrown at [C:\re\workspace\8-2-build-windows-amd64-cygwin\jdk8u201\1
Event: 5.818 Thread 0x000000000334b800 Exception <a 'java/lang/NoSuchMethodError': java.lang.Object.$anonfun$transformWith$1(Lscala/concurrent/impl/Promise;Lscala/Function1;Lscala/concurrent/impl/Promise$DefaultPromise;Lscala/util/Try;)Ljava/lang/Object;> (0x000000076b89a270) thrown at [C:\re\
Event: 5.820 Thread 0x000000000334b800 Exception <a 'java/lang/NoSuchMethodError': java.lang.Object.$anonfun$tryCompleteWith$1$adapted(Lscala/concurrent/Promise;Lscala/util/Try;)Ljava/lang/Object;> (0x000000076b8a1388) thrown at [C:\re\workspace\8-2-build-windows-amd64-cygwin\jdk8u201\12322\ho
Event: 5.831 Thread 0x000000000334b800 Exception <a 'java/lang/NoSuchMethodError': java.lang.Object.$anonfun$seqAsJavaListConverter$1(Lscala/collection/convert/DecorateAsJava;Lscala/collection/Seq;)Ljava/util/List;> (0x000000076b914458) thrown at [C:\re\workspace\8-2-build-windows-amd64-cygwin
Event: 6.277 Thread 0x000000000334b800 Exception <a 'java/lang/NoSuchMethodError': java.lang.Object.$anonfun$releaseVersion$1$adapted(Ljava/lang/String;)Ljava/lang/Object;> (0x000000076e1afc10) thrown at [C:\re\workspace\8-2-build-windows-amd64-cygwin\jdk8u201\12322\hotspot\src\share\vm\interp
Event: 6.279 Thread 0x000000000334b800 Exception <a 'java/lang/NoSuchMethodError': java.lang.Object.$anonfun$releaseVersion$2(Ljava/lang/String;)Ljava/lang/String;> (0x000000076e1bbaa8) thrown at [C:\re\workspace\8-2-build-windows-amd64-cygwin\jdk8u201\12322\hotspot\src\share\vm\interpreter\li
Event: 6.280 Thread 0x000000000334b800 Exception <a 'java/lang/NoSuchMethodError': java.lang.Object.$anonfun$developmentVersion$1$adapted(Ljava/lang/String;)Ljava/lang/Object;> (0x000000076e1c1668) thrown at [C:\re\workspace\8-2-build-windows-amd64-cygwin\jdk8u201\12322\hotspot\src\share\vm\in
Event: 6.281 Thread 0x000000000334b800 Exception <a 'java/lang/NoSuchMethodError': java.lang.Object.$anonfun$developmentVersion$2(Lscala/util/PropertiesTrait;Ljava/lang/String;)Lscala/Option;> (0x000000076e1c55d0) thrown at [C:\re\workspace\8-2-build-windows-amd64-cygwin\jdk8u201\12322\hotspot
Event: 6.286 Thread 0x000000000334b800 Exception <a 'java/lang/NoSuchMethodError': java.lang.Object.$anonfun$sorted$1$adapted([Ljava/lang/Object;Lscala/runtime/IntRef;Ljava/lang/Object;)Ljava/lang/Object;> (0x000000076e1e0808) thrown at [C:\re\workspace\8-2-build-windows-amd64-cygwin\jdk8u201\
Event: 6.301 Thread 0x000000000334b800 Exception <a 'java/lang/NoSuchMethodError': java.lang.Object.$anonfun$toSeq$1(Lscala/collection/mutable/Builder;Lscala/Tuple2;)Lscala/collection/mutable/Builder;> (0x000000076e1f99d8) thrown at [C:\re\workspace\8-2-build-windows-amd64-cygwin\jdk8u201\1232

Events (10 events):
Event: 6.506 loading class org/apache/spark/sql/catalyst/plans/logical/LocalRelation
Event: 6.506 loading class org/apache/spark/sql/catalyst/plans/logical/LocalRelation done
Event: 6.507 loading class org/apache/spark/sql/execution/LogicalRDD
Event: 6.507 loading class org/apache/spark/sql/execution/LogicalRDD done
Event: 6.508 loading class org/apache/spark/sql/execution/datasources/LogicalRelation
Event: 6.508 loading class org/apache/spark/sql/execution/datasources/LogicalRelation done
Event: 6.509 loading class org/apache/spark/sql/catalog/Catalog
Event: 6.509 loading class org/apache/spark/sql/catalog/Catalog done
Event: 6.510 loading class org/apache/spark/sql/internal/CatalogImpl
Event: 6.510 loading class org/apache/spark/sql/internal/CatalogImpl done


Dynamic libraries:
0x00007ff741f10000 - 0x00007ff741f47000 	C:\Program Files\Java\jdk1.8.0_201\bin\java.exe
0x00007ffef0bb0000 - 0x00007ffef0d9d000 	C:\WINDOWS\SYSTEM32\ntdll.dll
0x00007ffeefce0000 - 0x00007ffeefd93000 	C:\WINDOWS\System32\KERNEL32.DLL
0x00007ffeecea0000 - 0x00007ffeed133000 	C:\WINDOWS\System32\KERNELBASE.dll
0x00007ffeef8d0000 - 0x00007ffeef973000 	C:\WINDOWS\System32\ADVAPI32.dll
0x00007ffeefe10000 - 0x00007ffeefeae000 	C:\WINDOWS\System32\msvcrt.dll
0x00007ffef0420000 - 0x00007ffef04be000 	C:\WINDOWS\System32\sechost.dll
0x00007ffeefa10000 - 0x00007ffeefb32000 	C:\WINDOWS\System32\RPCRT4.dll
0x00007ffeefb40000 - 0x00007ffeefcd7000 	C:\WINDOWS\System32\USER32.dll
0x00007ffeed5f0000 - 0x00007ffeed610000 	C:\WINDOWS\System32\win32u.dll
0x00007ffef01e0000 - 0x00007ffef0209000 	C:\WINDOWS\System32\GDI32.dll
0x00007ffeecc80000 - 0x00007ffeece1a000 	C:\WINDOWS\System32\gdi32full.dll
0x00007ffeed480000 - 0x00007ffeed520000 	C:\WINDOWS\System32\msvcp_win.dll
0x00007ffeed380000 - 0x00007ffeed47c000 	C:\WINDOWS\System32\ucrtbase.dll
0x00007ffed6db0000 - 0x00007ffed7029000 	C:\WINDOWS\WinSxS\amd64_microsoft.windows.common-controls_6595b64144ccf1df_6.0.17763.316_none_05b53be2071f46b6\COMCTL32.dll
0x00007ffeefeb0000 - 0x00007ffef01dd000 	C:\WINDOWS\System32\combase.dll
0x00007ffeece20000 - 0x00007ffeece9e000 	C:\WINDOWS\System32\bcryptPrimitives.dll
0x00007ffef04c0000 - 0x00007ffef04ee000 	C:\WINDOWS\System32\IMM32.DLL
0x000000006fa60000 - 0x000000006fb31000 	C:\Program Files\Java\jdk1.8.0_201\jre\bin\msvcr100.dll
0x000000006e360000 - 0x000000006ec04000 	C:\Program Files\Java\jdk1.8.0_201\jre\bin\server\jvm.dll
0x00007ffeef750000 - 0x00007ffeef758000 	C:\WINDOWS\System32\PSAPI.DLL
0x00007ffed2ea0000 - 0x00007ffed2ea9000 	C:\WINDOWS\SYSTEM32\WSOCK32.dll
0x00007ffeea600000 - 0x00007ffeea624000 	C:\WINDOWS\SYSTEM32\WINMM.dll
0x00007ffeefda0000 - 0x00007ffeefe0d000 	C:\WINDOWS\System32\WS2_32.dll
0x00007ffedcde0000 - 0x00007ffedcdea000 	C:\WINDOWS\SYSTEM32\VERSION.dll
0x00007ffeea5b0000 - 0x00007ffeea5dd000 	C:\WINDOWS\SYSTEM32\WINMMBASE.dll
0x00007ffeed610000 - 0x00007ffeed65a000 	C:\WINDOWS\System32\cfgmgr32.dll
0x00007ffeeb630000 - 0x00007ffeeb63f000 	C:\Program Files\Java\jdk1.8.0_201\jre\bin\verify.dll
0x00007ffee8980000 - 0x00007ffee89a9000 	C:\Program Files\Java\jdk1.8.0_201\jre\bin\java.dll
0x00007ffeba900000 - 0x00007ffeba935000 	C:\Program Files\Java\jdk1.8.0_201\jre\bin\jdwp.dll
0x00007ffeeb620000 - 0x00007ffeeb628000 	C:\Program Files\Java\jdk1.8.0_201\jre\bin\npt.dll
0x00007ffed24e0000 - 0x00007ffed2503000 	C:\Program Files\Java\jdk1.8.0_201\jre\bin\instrument.dll
0x00007ffeeb540000 - 0x00007ffeeb556000 	C:\Program Files\Java\jdk1.8.0_201\jre\bin\zip.dll
0x00007ffeedde0000 - 0x00007ffeef2cf000 	C:\WINDOWS\System32\SHELL32.dll
0x00007ffef0370000 - 0x00007ffef0418000 	C:\WINDOWS\System32\shcore.dll
0x00007ffeed660000 - 0x00007ffeeddaa000 	C:\WINDOWS\System32\windows.storage.dll
0x00007ffeecbd0000 - 0x00007ffeecbf4000 	C:\WINDOWS\System32\profapi.dll
0x00007ffeecc00000 - 0x00007ffeecc5d000 	C:\WINDOWS\System32\powrprof.dll
0x00007ffef0b20000 - 0x00007ffef0b72000 	C:\WINDOWS\System32\shlwapi.dll
0x00007ffeecbb0000 - 0x00007ffeecbc1000 	C:\WINDOWS\System32\kernel.appcore.dll
0x00007ffeed5d0000 - 0x00007ffeed5e7000 	C:\WINDOWS\System32\cryptsp.dll
0x00007ffee04e0000 - 0x00007ffee04e9000 	C:\Program Files\Java\jdk1.8.0_201\jre\bin\dt_socket.dll
0x00007ffeec3f0000 - 0x00007ffeec457000 	C:\WINDOWS\system32\mswsock.dll
0x00007ffee8960000 - 0x00007ffee897a000 	C:\Program Files\Java\jdk1.8.0_201\jre\bin\net.dll
0x00007ffedabf0000 - 0x00007ffedadc7000 	C:\WINDOWS\SYSTEM32\urlmon.dll
0x00007ffeda740000 - 0x00007ffeda9e8000 	C:\WINDOWS\SYSTEM32\iertutil.dll
0x00007ffeec610000 - 0x00007ffeec61c000 	C:\WINDOWS\SYSTEM32\CRYPTBASE.DLL
0x00007ffece840000 - 0x00007ffece856000 	C:\WINDOWS\system32\napinsp.dll
0x00007ffece860000 - 0x00007ffece87a000 	C:\WINDOWS\system32\pnrpnsp.dll
0x00007ffeec1a0000 - 0x00007ffeec266000 	C:\WINDOWS\SYSTEM32\DNSAPI.dll
0x00007ffef0960000 - 0x00007ffef0968000 	C:\WINDOWS\System32\NSI.dll
0x00007ffeec160000 - 0x00007ffeec19d000 	C:\WINDOWS\SYSTEM32\IPHLPAPI.DLL
0x00007ffed0b00000 - 0x00007ffed0b0e000 	C:\WINDOWS\System32\winrnr.dll
0x00007ffee87a0000 - 0x00007ffee87bb000 	C:\WINDOWS\system32\NLAapi.dll
0x00007ffedf000000 - 0x00007ffedf015000 	C:\WINDOWS\system32\wshbth.dll
0x00007ffedb8e0000 - 0x00007ffedb8ea000 	C:\Windows\System32\rasadhlp.dll
0x00007ffee0340000 - 0x00007ffee03b9000 	C:\WINDOWS\System32\fwpuclnt.dll
0x00007ffeeddb0000 - 0x00007ffeeddd6000 	C:\WINDOWS\System32\bcrypt.dll
0x00007ffedeba0000 - 0x00007ffedebad000 	C:\Program Files\Java\jdk1.8.0_201\jre\bin\management.dll
0x00007ffedeb20000 - 0x00007ffedeb29000 	C:\Program Files\Java\jdk1.8.0_201\jre\bin\w2k_lsa_auth.dll
0x00007ffed0450000 - 0x00007ffed045c000 	C:\WINDOWS\SYSTEM32\Secur32.dll
0x00007ffeecab0000 - 0x00007ffeecadf000 	C:\WINDOWS\SYSTEM32\SSPICLI.DLL
0x00007ffedeb00000 - 0x00007ffedeb08000 	C:\Program Files\Java\jdk1.8.0_201\jre\bin\jaas_nt.dll
0x00007ffee0500000 - 0x00007ffee0511000 	C:\Program Files\Java\jdk1.8.0_201\jre\bin\nio.dll
0x00007ffeebd00000 - 0x00007ffeebd33000 	C:\WINDOWS\system32\rsaenh.dll
0x00007ffeecae0000 - 0x00007ffeecb08000 	C:\WINDOWS\SYSTEM32\USERENV.dll
0x00007ffee01c0000 - 0x00007ffee01d6000 	C:\WINDOWS\SYSTEM32\dhcpcsvc6.DLL
0x00007ffee0140000 - 0x00007ffee015c000 	C:\WINDOWS\SYSTEM32\dhcpcsvc.DLL
0x00007ffeeb340000 - 0x00007ffeeb52d000 	C:\WINDOWS\SYSTEM32\dbghelp.dll

VM Arguments:
jvm_args: -agentlib:jdwp=transport=dt_socket,address=127.0.0.1:59950,suspend=y,server=n -javaagent:C:\Users\ketan\.IdeaIC2018.2\system\captureAgent\debugger-agent.jar=file:/C:/Users/ketan/AppData/Local/Temp/capture.props -Dfile.encoding=UTF-8 
java_command: MeetupRSVP
java_class_path (initial): C:\Program Files\Java\jdk1.8.0_201\jre\lib\charsets.jar;C:\Program Files\Java\jdk1.8.0_201\jre\lib\deploy.jar;C:\Program Files\Java\jdk1.8.0_201\jre\lib\ext\access-bridge-64.jar;C:\Program Files\Java\jdk1.8.0_201\jre\lib\ext\cldrdata.jar;C:\Program Files\Java\jdk1.8.0_201\jre\lib\ext\dnsns.jar;C:\Program Files\Java\jdk1.8.0_201\jre\lib\ext\jaccess.jar;C:\Program Files\Java\jdk1.8.0_201\jre\lib\ext\jfxrt.jar;C:\Program Files\Java\jdk1.8.0_201\jre\lib\ext\localedata.jar;C:\Program Files\Java\jdk1.8.0_201\jre\lib\ext\nashorn.jar;C:\Program Files\Java\jdk1.8.0_201\jre\lib\ext\sunec.jar;C:\Program Files\Java\jdk1.8.0_201\jre\lib\ext\sunjce_provider.jar;C:\Program Files\Java\jdk1.8.0_201\jre\lib\ext\sunmscapi.jar;C:\Program Files\Java\jdk1.8.0_201\jre\lib\ext\sunpkcs11.jar;C:\Program Files\Java\jdk1.8.0_201\jre\lib\ext\zipfs.jar;C:\Program Files\Java\jdk1.8.0_201\jre\lib\javaws.jar;C:\Program Files\Java\jdk1.8.0_201\jre\lib\jce.jar;C:\Program Files\Java\jdk1.8.0_201\jre\lib\jfr.jar;C:\Program Files\Java\jdk1.8.0_201\jre\lib\jfxswt.jar;C:\Program Files\Java\jdk1.8.0_201\jre\lib\jsse.jar;C:\Program Files\Java\jdk1.8.0_201\jre\lib\management-agent.jar;C:\Program Files\Java\jdk1.8.0_201\jre\lib\plugin.jar;C:\Program Files\Java\jdk1.8.0_201\jre\lib\resources.jar;C:\Program Files\Java\jdk1.8.0_201\jre\lib\rt.jar;C:\Users\ketan\source\root\MeetupRSVP\target\scala-2.12\classes;C:\Users\ketan\.ivy2\cache\aopalliance\aopalliance\jars\aopalliance-1.0.jar;C:\Users\ketan\.ivy2\cache\xmlenc\xmlenc\jars\xmlenc-0.52.jar;C:\Users\ketan\.ivy2\cache\xml-apis\xml-apis\jars\xml-apis-1.3.04.jar;C:\Users\ketan\.ivy2\cache\xerces\xercesImpl\jars\xercesImpl-2.9.1.jar;C:\Users\ketan\.ivy2\cache\oro\oro\jars\oro-2.0.8.jar;C:\Users\ketan\.ivy2\cache\org.xerial.snappy\snappy-java\jars\snappy-java-1.1.7.1.jar;C:\Users\ketan\.ivy2\cache\org.tukaani\xz\jars\xz-1.5.jar;C:\Users\ketan\.ivy2\cache\org.spark-project.spark\unused\jars\unused-1.0.0.jar;C:\Users\ketan\.ivy2\cache\o
Launcher Type: SUN_STANDARD

Environment Variables:
JAVA_HOME=C:\Program Files\Java\jdk1.8.0_201
PATH=C:\Program Files (x86)\Common Files\Oracle\Java\javapath;C:\WINDOWS\system32;C:\WINDOWS;C:\WINDOWS\System32\Wbem;C:\WINDOWS\System32\WindowsPowerShell\v1.0\;C:\WINDOWS\System32\OpenSSH\;C:\Program Files\PuTTY\;C:\Program Files (x86)\sbt\bin;C:\Program Files\Git\cmd;C:\Program Files\nodejs\;C:\Program Files\dotnet\;C:\Program Files\Microsoft SQL Server\130\Tools\Binn\;C:\Program Files\Java\jdk1.8.0_201\bin;C:\Users\ketan\AppData\Local\Microsoft\WindowsApps;;C:\Users\ketan\AppData\Local\Programs\Microsoft VS Code\bin;C:\Users\ketan\AppData\Roaming\npm
USERNAME=ketan
OS=Windows_NT
PROCESSOR_IDENTIFIER=Intel64 Family 6 Model 142 Stepping 10, GenuineIntel



---------------  S Y S T E M  ---------------

OS: Windows 10.0 , 64 bit Build 17763 (10.0.17763.292)

CPU:total 8 (initial active 8) (4 cores per cpu, 2 threads per core) family 6 model 142 stepping 10, cmov, cx8, fxsr, mmx, sse, sse2, sse3, ssse3, sse4.1, sse4.2, popcnt, avx, avx2, aes, clmul, erms, rtm, 3dnowpref, lzcnt, ht, tsc, tscinvbit, bmi1, bmi2, adx

Memory: 4k page, physical 16700332k(5804548k free), swap 27186092k(9017636k free)

vm_info: Java HotSpot(TM) 64-Bit Server VM (25.201-b09) for windows-amd64 JRE (1.8.0_201-b09), built on Dec 15 2018 18:36:39 by "java_re" with MS VC++ 10.0 (VS2010)

time: Tue Mar 12 16:27:16 2019
timezone: Pacific Daylight Time
elapsed time: 6 seconds (0d 0h 0m 6s)

